c:\users\0000\source\repos\sfml_ex\sfml_ex\debug\vc142.pdb
c:\users\0000\source\repos\sfml_ex\sfml_ex\debug\vc142.idb
c:\users\0000\source\repos\sfml_ex\sfml_ex\debug\particle.obj
c:\users\0000\source\repos\sfml_ex\sfml_ex\debug\main_menu.obj
c:\users\0000\source\repos\sfml_ex\sfml_ex\debug\main.obj
c:\users\0000\source\repos\sfml_ex\sfml_ex\debug\player.obj
c:\users\0000\source\repos\sfml_ex\sfml_ex\debug\animation.obj
c:\users\0000\source\repos\sfml_ex\sfml_ex\debug\animatedsprite.obj
c:\users\0000\source\repos\sfml_ex\sfml_ex\debug\player3.obj
c:\users\0000\source\repos\sfml_ex\sfml_ex\debug\pausemenu.obj
c:\users\0000\source\repos\sfml_ex\sfml_ex\debug\movementcomponent.obj
c:\users\0000\source\repos\sfml_ex\sfml_ex\debug\mainmenustate.obj
c:\users\0000\source\repos\sfml_ex\sfml_ex\debug\main2.obj
c:\users\0000\source\repos\sfml_ex\sfml_ex\debug\item.obj
c:\users\0000\source\repos\sfml_ex\sfml_ex\debug\inventory.obj
c:\users\0000\source\repos\sfml_ex\sfml_ex\debug\hitboxcomponent.obj
c:\users\0000\source\repos\sfml_ex\sfml_ex\debug\gui.obj
c:\users\0000\source\repos\sfml_ex\sfml_ex\debug\graphicssettings.obj
c:\users\0000\source\repos\sfml_ex\sfml_ex\debug\gamestate.obj
c:\users\0000\source\repos\sfml_ex\sfml_ex\debug\game.obj
c:\users\0000\source\repos\sfml_ex\sfml_ex\debug\entity.obj
c:\users\0000\source\repos\sfml_ex\sfml_ex\debug\enemysystem.obj
c:\users\0000\source\repos\sfml_ex\sfml_ex\debug\enemyspawnertile.obj
c:\users\0000\source\repos\sfml_ex\sfml_ex\debug\enemy.obj
c:\users\0000\source\repos\sfml_ex\sfml_ex\debug\charactertab.obj
c:\users\0000\source\repos\sfml_ex\sfml_ex\debug\attributecomponent.obj
c:\users\0000\source\repos\sfml_ex\sfml_ex\debug\animationcomponent.obj
c:\users\0000\source\repos\sfml_ex\sfml_ex\debug\tilemap.obj
c:\users\0000\source\repos\sfml_ex\sfml_ex\debug\tile.obj
c:\users\0000\source\repos\sfml_ex\sfml_ex\debug\texttagsystem.obj
c:\users\0000\source\repos\sfml_ex\sfml_ex\debug\tab.obj
c:\users\0000\source\repos\sfml_ex\sfml_ex\debug\stdafx.obj
c:\users\0000\source\repos\sfml_ex\sfml_ex\debug\state.obj
c:\users\0000\source\repos\sfml_ex\sfml_ex\debug\skillcomponent.obj
c:\users\0000\source\repos\sfml_ex\sfml_ex\debug\settingsstate.obj
c:\users\0000\source\repos\sfml_ex\sfml_ex\debug\regulartile.obj
c:\users\0000\source\repos\sfml_ex\sfml_ex\debug\rat.obj
c:\users\0000\source\repos\sfml_ex\sfml_ex\debug\playerguitabs.obj
c:\users\0000\source\repos\sfml_ex\sfml_ex\debug\playergui.obj
c:\users\0000\source\repos\sfml_ex\debug\sfml_ex.exe
c:\users\0000\source\repos\sfml_ex\debug\sfml_ex.ilk
c:\users\0000\source\repos\sfml_ex\debug\sfml_ex.pdb
c:\users\0000\source\repos\sfml_ex\sfml_ex\debug\sfml_ex.tlog\cl.command.1.tlog
c:\users\0000\source\repos\sfml_ex\sfml_ex\debug\sfml_ex.tlog\cl.read.1.tlog
c:\users\0000\source\repos\sfml_ex\sfml_ex\debug\sfml_ex.tlog\cl.write.1.tlog
c:\users\0000\source\repos\sfml_ex\sfml_ex\debug\sfml_ex.tlog\link.command.1.tlog
c:\users\0000\source\repos\sfml_ex\sfml_ex\debug\sfml_ex.tlog\link.read.1.tlog
c:\users\0000\source\repos\sfml_ex\sfml_ex\debug\sfml_ex.tlog\link.write.1.tlog
